[debug] [2022-06-16T14:26:13.901Z] ----------------------------------------------------------------------
[debug] [2022-06-16T14:26:13.904Z] Command:       C:\Program Files\nodejs\node.exe C:\Users\sohan\AppData\Roaming\npm\node_modules\firebase-tools\lib\bin\firebase.js init
[debug] [2022-06-16T14:26:13.905Z] CLI Version:   11.1.0
[debug] [2022-06-16T14:26:13.905Z] Platform:      win32
[debug] [2022-06-16T14:26:13.905Z] Node Version:  v16.13.0
[debug] [2022-06-16T14:26:13.907Z] Time:          Thu Jun 16 2022 20:26:13 GMT+0600 (Bangladesh Standard Time)
[debug] [2022-06-16T14:26:13.907Z] ----------------------------------------------------------------------
[debug] 
[debug] [2022-06-16T14:26:13.998Z] > command requires scopes: ["email","openid","https://www.googleapis.com/auth/cloudplatformprojects.readonly","https://www.googleapis.com/auth/firebase","https://www.googleapis.com/auth/cloud-platform"]
[debug] [2022-06-16T14:26:13.999Z] > authorizing via signed-in user (arifin44512@gmail.com)
[info] 
     ######## #### ########  ######## ########     ###     ######  ########
     ##        ##  ##     ## ##       ##     ##  ##   ##  ##       ##
     ######    ##  ########  ######   ########  #########  ######  ######
     ##        ##  ##    ##  ##       ##     ## ##     ##       ## ##
     ##       #### ##     ## ######## ########  ##     ##  ######  ########

You're about to initialize a Firebase project in this directory:

  D:\Svelt\portfolio-website

Before we get started, keep in mind:

  * You are initializing within an existing Firebase project directory

[info] 
=== Project Setup
[info] 
[info] First, let's associate this project directory with a Firebase project.
[info] You can create multiple project aliases by running firebase use --add, 
[info] but for now we'll just set up a default project.
[info] 
[debug] [2022-06-16T14:26:23.865Z] Using project from CLI flag: portfolio-website-32d6d
[debug] [2022-06-16T14:26:23.869Z] >>> [apiv2][query] GET https://firebase.googleapis.com/v1beta1/projects/portfolio-website-32d6d [none]
[debug] [2022-06-16T14:26:24.400Z] <<< [apiv2][status] GET https://firebase.googleapis.com/v1beta1/projects/portfolio-website-32d6d 200
[debug] [2022-06-16T14:26:24.402Z] <<< [apiv2][body] GET https://firebase.googleapis.com/v1beta1/projects/portfolio-website-32d6d {"projectId":"portfolio-website-32d6d","projectNumber":"349208440803","displayName":"portfolio-website","name":"projects/portfolio-website-32d6d","resources":{"hostingSite":"portfolio-website-32d6d"},"state":"ACTIVE"}
[info] i  Using project portfolio-website-32d6d (portfolio-website) 
[info] 
=== Hosting Setup
[info] 
[info] Your public directory is the folder (relative to your project directory) that
[info] will contain Hosting assets to be uploaded with firebase deploy. If you
[info] have a build process for your assets, use your build's output directory.
[info] 
[debug] [2022-06-16T14:27:01.083Z] >>> [apiv2][query] GET https://www.gstatic.com/firebasejs/releases.json [none]
[debug] [2022-06-16T14:27:01.261Z] <<< [apiv2][status] GET https://www.gstatic.com/firebasejs/releases.json 200
[debug] [2022-06-16T14:27:01.261Z] <<< [apiv2][body] GET https://www.gstatic.com/firebasejs/releases.json {"current":{"version":"9.8.3","browserURL":"https://www.gstatic.com/firebasejs/9.8.3/firebase.js","packageURL":"https://www.gstatic.com/firebasejs/9.8.3/firebase.tgz"},"live":{"version":"9.8","browserURL":"https://www.gstatic.com/firebasejs/live/9.8/firebase.js","packageURL":"https://www.gstatic.com/firebasejs/live/9.8/firebase.tgz"},"components":{"analytics":"https://www.gstatic.com/firebasejs/9.8.3/firebase-analytics.js","app":"https://www.gstatic.com/firebasejs/9.8.3/firebase-app.js","app-check":"https://www.gstatic.com/firebasejs/9.8.3/firebase-app-check.js","auth":"https://www.gstatic.com/firebasejs/9.8.3/firebase-auth.js","auth/cordova":"https://www.gstatic.com/firebasejs/9.8.3/firebase-auth/cordova.js","auth/react-native":"https://www.gstatic.com/firebasejs/9.8.3/firebase-auth/react-native.js","functions":"https://www.gstatic.com/firebasejs/9.8.3/firebase-functions.js","firestore":"https://www.gstatic.com/firebasejs/9.8.3/firebase-firestore.js","firestore/lite":"https://www.gstatic.com/firebasejs/9.8.3/firebase-firestore/lite.js","storage":"https://www.gstatic.com/firebasejs/9.8.3/firebase-storage.js","performance":"https://www.gstatic.com/firebasejs/9.8.3/firebase-performance.js","remote-config":"https://www.gstatic.com/firebasejs/9.8.3/firebase-remote-config.js","messaging":"https://www.gstatic.com/firebasejs/9.8.3/firebase-messaging.js","messaging/sw":"https://www.gstatic.com/firebasejs/9.8.3/firebase-messaging/sw.js","database":"https://www.gstatic.com/firebasejs/9.8.3/firebase-database.js","firestore.memory":"https://www.gstatic.com/firebasejs/9.8.3/firebase-firestore.memory.js"}}
[info] i  Skipping write of public/index.html 
[info] 
[info] i  Didn't detect a .git folder. Assuming D:\Svelt\portfolio-website is the project root. 
[info] i  Authorizing with GitHub to upload your service account to a GitHub repository's secrets store. 
[info] 
[info] Visit this URL on this device to log in:
[info] https://github.com/login/oauth/authorize?client_id=89cf50f02ac6aaed3484&state=1025540339&redirect_uri=http%3A%2F%2Flocalhost%3A9005&scope=read%3Auser%20repo%20public_repo
[info] 
[info] Waiting for authentication...
[debug] [2022-06-16T14:27:21.509Z] >>> [apiv2][query] POST https://github.com/login/oauth/access_token [none]
[debug] [2022-06-16T14:27:21.510Z] >>> [apiv2][body] POST https://github.com/login/oauth/access_token [stream]
[debug] [2022-06-16T14:27:22.016Z] <<< [apiv2][status] POST https://github.com/login/oauth/access_token 200
[debug] [2022-06-16T14:27:22.019Z] <<< [apiv2][body] POST https://github.com/login/oauth/access_token {"access_token":"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","token_type":"bearer","scope":"read:user,repo"}
[debug] [2022-06-16T14:27:22.041Z] >>> [apiv2][query] GET https://api.github.com/user [none]
[debug] [2022-06-16T14:27:22.623Z] <<< [apiv2][status] GET https://api.github.com/user 200
[debug] [2022-06-16T14:27:22.624Z] <<< [apiv2][body] GET https://api.github.com/user {"login":"sohan-fahad","id":86766801,"node_id":"MDQ6VXNlcjg2NzY2ODAx","avatar_url":"https://avatars.githubusercontent.com/u/86766801?v=4","gravatar_id":"","url":"https://api.github.com/users/sohan-fahad","html_url":"https://github.com/sohan-fahad","followers_url":"https://api.github.com/users/sohan-fahad/followers","following_url":"https://api.github.com/users/sohan-fahad/following{/other_user}","gists_url":"https://api.github.com/users/sohan-fahad/gists{/gist_id}","starred_url":"https://api.github.com/users/sohan-fahad/starred{/owner}{/repo}","subscriptions_url":"https://api.github.com/users/sohan-fahad/subscriptions","organizations_url":"https://api.github.com/users/sohan-fahad/orgs","repos_url":"https://api.github.com/users/sohan-fahad/repos","events_url":"https://api.github.com/users/sohan-fahad/events{/privacy}","received_events_url":"https://api.github.com/users/sohan-fahad/received_events","type":"User","site_admin":false,"name":"Abdul Khalek Sohan","company":null,"blog":"","location":null,"email":null,"hireable":null,"bio":"I am flexible and capable of learning new things. ","twitter_username":null,"public_repos":27,"public_gists":0,"followers":0,"following":2,"created_at":"2021-07-01T06:57:52Z","updated_at":"2022-06-01T09:18:21Z","private_gists":0,"total_private_repos":2,"owned_private_repos":2,"disk_usage":71992,"collaborators":0,"two_factor_authentication":false,"plan":{"name":"free","space":976562499,"collaborators":0,"private_repos":10000}}
[info] 
[info] +  Success! Logged into GitHub as sohan-fahad 
[info] 
[debug] [2022-06-16T14:27:33.130Z] >>> [apiv2][query] GET https://api.github.com/repos//actions/secrets/public-key type=owner
[debug] [2022-06-16T14:27:33.637Z] <<< [apiv2][status] GET https://api.github.com/repos//actions/secrets/public-key 404
[debug] [2022-06-16T14:27:33.637Z] <<< [apiv2][body] GET https://api.github.com/repos//actions/secrets/public-key {"message":"Not Found","documentation_url":"https://docs.github.com/rest"}
[debug] [2022-06-16T14:27:35.073Z] >>> [apiv2][query] GET https://api.github.com/repos//actions/secrets/public-key type=owner
[debug] [2022-06-16T14:27:35.524Z] <<< [apiv2][status] GET https://api.github.com/repos//actions/secrets/public-key 404
[debug] [2022-06-16T14:27:35.525Z] <<< [apiv2][body] GET https://api.github.com/repos//actions/secrets/public-key {"message":"Not Found","documentation_url":"https://docs.github.com/rest"}
